<?xml version="1.0" encoding="UTF-8"?>
<!-- Generated by org.testng.reporters.JUnitXMLReporter -->
<testsuite hostname="sanjay1670-01" name="Test" tests="3" failures="0" timestamp="24 May 2019 06:07:04 GMT" time="99.641" errors="0">
  <testcase name="testThatResultsAppearForAOneWayJourney" time="18.014" classname="com.test.flightbooking.FlightBookingTest"/>
  <testcase name="shouldBeAbleToSearchForHotels" time="69.131" classname="com.test.hotelbooking.HotelBookingTest"/>
  <testcase name="shouldThrowAnErrorIfSignInDetailsAreMissing" time="12.483" classname="com.test.singin.SignInTest"/>
</testsuite> <!-- Test -->
