<?xml version="1.0" encoding="UTF-8"?>
<testng-results skipped="0" failed="0" total="1" passed="1">
  <reporter-output>
  </reporter-output>
  <suite name="Default suite" duration-ms="17743" started-at="2019-05-23T18:20:09Z" finished-at="2019-05-23T18:20:26Z">
    <groups>
    </groups>
    <test name="Default test" duration-ms="17743" started-at="2019-05-23T18:20:09Z" finished-at="2019-05-23T18:20:26Z">
      <class name="com.test.hotelbooking.HotelBookingTest">
        <test-method status="PASS" signature="setUp()[pri:0, instance:com.test.hotelbooking.HotelBookingTest@1b40d5f0]" name="setUp" is-config="true" duration-ms="20139" started-at="2019-05-23T23:49:48Z" finished-at="2019-05-23T23:50:09Z">
          <reporter-output>
          </reporter-output>
        </test-method> <!-- setUp -->
        <test-method status="PASS" signature="shouldBeAbleToSearchForHotels()[pri:0, instance:com.test.hotelbooking.HotelBookingTest@1b40d5f0]" name="shouldBeAbleToSearchForHotels" duration-ms="17733" started-at="2019-05-23T23:50:09Z" finished-at="2019-05-23T23:50:26Z">
          <reporter-output>
          </reporter-output>
        </test-method> <!-- shouldBeAbleToSearchForHotels -->
        <test-method status="PASS" signature="tearDown()[pri:0, instance:com.test.hotelbooking.HotelBookingTest@1b40d5f0]" name="tearDown" is-config="true" duration-ms="812" started-at="2019-05-23T23:50:26Z" finished-at="2019-05-23T23:50:27Z">
          <reporter-output>
          </reporter-output>
        </test-method> <!-- tearDown -->
      </class> <!-- com.test.hotelbooking.HotelBookingTest -->
    </test> <!-- Default test -->
  </suite> <!-- Default suite -->
</testng-results>
